2024-09-10 04:44:03,461 INFO  [org.jboss.modules] (main) JBoss Modules version 2.1.5.Final
2024-09-10 04:44:06,197 INFO  [org.jboss.msc] (main) JBoss MSC version 1.5.4.Final
2024-09-10 04:44:06,203 INFO  [org.jboss.threads] (main) JBoss Threads version 2.4.0.Final
2024-09-10 04:44:06,279 INFO  [org.jboss.as] (MSC service thread 1-2) WFLYSRV0049: WildFly Full 32.0.1.Final (WildFly Core 24.0.1.Final) starting
2024-09-10 04:44:06,280 DEBUG [org.jboss.as.config] (MSC service thread 1-2) Configured system properties:
	[Standalone] = 
	file.encoding = UTF-8
	file.separator = \
	java.awt.headless = true
	java.class.path = D:\java_WWW\21003481_Letrongthien_Bai5\target\wildfly-32.0.1.Final\jboss-modules.jar
	java.class.version = 65.0
	java.home = C:\Program Files\Java\jdk-21
	java.io.tmpdir = C:\Users\letro\AppData\Local\Temp\
	java.library.path = C:\Program Files\Java\jdk-21\bin;C:\Windows\Sun\Java\bin;C:\Windows\system32;C:\Windows;C:/Users/letro/.p2/pool/plugins/org.eclipse.justj.openjdk.hotspot.jre.full.win32.x86_64_17.0.10.v20240120-1143/jre/bin/server;C:/Users/letro/.p2/pool/plugins/org.eclipse.justj.openjdk.hotspot.jre.full.win32.x86_64_17.0.10.v20240120-1143/jre/bin;C:\Windows\system32;C:\Windows;C:\Windows\System32\Wbem;C:\Windows\System32\WindowsPowerShell\v1.0\;C:\Windows\System32\OpenSSH\;C:\Program Files\Git\cmd;C:\Program Files (x86)\Microsoft SQL Server\160\Tools\Binn\;C:\Program Files\Microsoft SQL Server\160\Tools\Binn\;C:\Program Files\Microsoft SQL Server\Client SDK\ODBC\170\Tools\Binn\;C:\Program Files\Microsoft SQL Server\160\DTS\Binn\;C:\Program Files (x86)\Microsoft SQL Server\160\DTS\Binn\;C:\Program Files\Java\jdk-17\bin;%NVM_HOME%;%NVM_SYMLINK%;C:\Program Files\nodejs\;C:\Users\letro\AppData\Local\Microsoft\WindowsApps;C:\Users\letro\AppData\Local\Programs\Microsoft VS Code\bin;C:\Program Files (x86)\MongoDB Atlas CLI\;C:\Users\letro\AppData\Roaming\nvm;C:\Program Files\nodejs;C:\Users\letro\AppData\Roaming\npm;C:\Windows\System32;;.
	java.net.preferIPv4Stack = true
	java.runtime.name = Java(TM) SE Runtime Environment
	java.runtime.version = 21.0.4+8-LTS-274
	java.specification.name = Java Platform API Specification
	java.specification.vendor = Oracle Corporation
	java.specification.version = 21
	java.util.logging.manager = org.jboss.logmanager.LogManager
	java.vendor = Oracle Corporation
	java.vendor.url = https://java.oracle.com/
	java.vendor.url.bug = https://bugreport.java.com/bugreport/
	java.version = 21.0.4
	java.version.date = 2024-07-16
	java.vm.compressedOopsMode = 32-bit
	java.vm.info = mixed mode, sharing
	java.vm.name = Java HotSpot(TM) 64-Bit Server VM
	java.vm.specification.name = Java Virtual Machine Specification
	java.vm.specification.vendor = Oracle Corporation
	java.vm.specification.version = 21
	java.vm.vendor = Oracle Corporation
	java.vm.version = 21.0.4+8-LTS-274
	javax.management.builder.initial = org.jboss.as.jmx.PluggableMBeanServerBuilder
	jboss.home.dir = D:\java_WWW\21003481_Letrongthien_Bai5\target\wildfly-32.0.1.Final
	jboss.host.name = mon
	jboss.modules.system.pkgs = org.jboss.byteman
	jboss.node.name = mon
	jboss.qualified.host.name = mon
	jboss.server.base.dir = D:\java_WWW\21003481_Letrongthien_Bai5\target\wildfly-32.0.1.Final\standalone
	jboss.server.config.dir = D:\java_WWW\21003481_Letrongthien_Bai5\target\wildfly-32.0.1.Final\standalone\configuration
	jboss.server.data.dir = D:\java_WWW\21003481_Letrongthien_Bai5\target\wildfly-32.0.1.Final\standalone\data
	jboss.server.log.dir = D:\java_WWW\21003481_Letrongthien_Bai5\target\wildfly-32.0.1.Final\standalone\log
	jboss.server.name = mon
	jboss.server.persist.config = true
	jboss.server.temp.dir = D:\java_WWW\21003481_Letrongthien_Bai5\target\wildfly-32.0.1.Final\standalone\tmp
	jdk.debug = release
	line.separator = 

	logging.configuration = file:D:\java_WWW\21003481_Letrongthien_Bai5\target\wildfly-32.0.1.Final\standalone\configuration\logging.properties
	module.path = D:\java_WWW\21003481_Letrongthien_Bai5\target\wildfly-32.0.1.Final\modules
	native.encoding = Cp1252
	org.jboss.boot.log.file = D:\java_WWW\21003481_Letrongthien_Bai5\target\wildfly-32.0.1.Final\standalone\log\server.log
	org.jboss.resolver.warning = true
	os.arch = amd64
	os.name = Windows 11
	os.version = 10.0
	path.separator = ;
	stderr.encoding = Cp1252
	stdout.encoding = Cp1252
	sun.arch.data.model = 64
	sun.boot.library.path = C:\Program Files\Java\jdk-21\bin
	sun.cpu.endian = little
	sun.cpu.isalist = amd64
	sun.io.unicode.encoding = UnicodeLittle
	sun.java.command = D:\java_WWW\21003481_Letrongthien_Bai5\target\wildfly-32.0.1.Final\jboss-modules.jar -mp D:\java_WWW\21003481_Letrongthien_Bai5\target\wildfly-32.0.1.Final\modules org.jboss.as.standalone -Djboss.home.dir=D:\java_WWW\21003481_Letrongthien_Bai5\target\wildfly-32.0.1.Final -Djboss.server.base.dir=D:\java_WWW\21003481_Letrongthien_Bai5\target\wildfly-32.0.1.Final\standalone -Djboss.server.log.dir=D:\java_WWW\21003481_Letrongthien_Bai5\target\wildfly-32.0.1.Final\standalone\log -Djboss.server.config.dir=D:\java_WWW\21003481_Letrongthien_Bai5\target\wildfly-32.0.1.Final\standalone\configuration
	sun.java.launcher = SUN_STANDARD
	sun.jnu.encoding = Cp1252
	sun.management.compiler = HotSpot 64-Bit Tiered Compilers
	sun.os.patch.level = 
	user.country = US
	user.dir = D:\java_WWW\21003481_Letrongthien_Bai5
	user.home = C:\Users\letro
	user.language = en
	user.name = letro
	user.script = 
	user.timezone = Asia/Saigon
	user.variant = 
2024-09-10 04:44:06,281 DEBUG [org.jboss.as.config] (MSC service thread 1-2) VM Arguments: -D[Standalone] -Xms64m -Xmx512m -Djava.net.preferIPv4Stack=true -Djava.awt.headless=true -Djboss.modules.system.pkgs=org.jboss.byteman --add-exports=java.base/sun.nio.ch=ALL-UNNAMED --add-exports=jdk.unsupported/sun.reflect=ALL-UNNAMED --add-exports=jdk.unsupported/sun.misc=ALL-UNNAMED -Dorg.jboss.boot.log.file=D:\java_WWW\21003481_Letrongthien_Bai5\target\wildfly-32.0.1.Final\standalone\log\server.log -Dlogging.configuration=file:D:\java_WWW\21003481_Letrongthien_Bai5\target\wildfly-32.0.1.Final\standalone\configuration\logging.properties 
2024-09-10 04:44:09,478 INFO  [org.wildfly.security] (Controller Boot Thread) ELY00001: WildFly Elytron version 2.4.2.Final
2024-09-10 04:44:10,521 INFO  [org.jboss.as.controller.management-deprecated] (ServerService Thread Pool -- 19) WFLYCTL0028: Attribute 'cluster' in the resource at address '/subsystem=ejb3/service=remote' is deprecated, and may be removed in a future version. See the attribute description in the output of the read-resource-description operation to learn more about the deprecation.
2024-09-10 04:44:10,595 INFO  [org.jboss.as.server] (Controller Boot Thread) WFLYSRV0039: Creating http management service using socket-binding (management-http)
2024-09-10 04:44:10,612 INFO  [org.xnio] (MSC service thread 1-2) XNIO version 3.8.15.Final
2024-09-10 04:44:10,616 INFO  [org.xnio.nio] (MSC service thread 1-2) XNIO NIO Implementation Version 3.8.15.Final
2024-09-10 04:44:10,650 INFO  [org.wildfly.extension.elytron.oidc._private] (ServerService Thread Pool -- 53) WFLYOIDC0001: Activating WildFly Elytron OIDC Subsystem
2024-09-10 04:44:10,651 INFO  [org.jboss.as.clustering.infinispan] (ServerService Thread Pool -- 55) WFLYCLINF0001: Activating Infinispan subsystem.
2024-09-10 04:44:10,655 INFO  [org.wildfly.extension.health] (ServerService Thread Pool -- 54) WFLYHEALTH0001: Activating Base Health Subsystem
2024-09-10 04:44:10,656 WARN  [org.jboss.as.txn] (ServerService Thread Pool -- 74) WFLYTX0013: The node-identifier attribute on the /subsystem=transactions is set to the default value. This is a danger for environments running multiple servers. Please make sure the attribute value is unique.
2024-09-10 04:44:10,658 INFO  [org.wildfly.extension.microprofile.jwt.smallrye] (ServerService Thread Pool -- 66) WFLYJWT0001: Activating MicroProfile JWT Subsystem
2024-09-10 04:44:10,660 INFO  [org.wildfly.extension.microprofile.config.smallrye] (ServerService Thread Pool -- 65) WFLYCONF0001: Activating MicroProfile Config Subsystem
2024-09-10 04:44:10,665 INFO  [org.jboss.as.jsf] (ServerService Thread Pool -- 62) WFLYJSF0007: Activated the following Jakarta Server Faces Implementations: [main]
2024-09-10 04:44:10,699 INFO  [org.wildfly.extension.metrics] (ServerService Thread Pool -- 64) WFLYMETRICS0001: Activating Base Metrics Subsystem
2024-09-10 04:44:10,700 INFO  [org.jboss.as.naming] (ServerService Thread Pool -- 67) WFLYNAM0001: Activating Naming Subsystem
2024-09-10 04:44:10,700 INFO  [org.jboss.as.webservices] (ServerService Thread Pool -- 76) WFLYWS0002: Activating WebServices Extension
2024-09-10 04:44:10,741 INFO  [org.jboss.as.connector] (MSC service thread 1-4) WFLYJCA0009: Starting Jakarta Connectors Subsystem (WildFly/IronJacamar 3.0.9.Final)
2024-09-10 04:44:10,768 INFO  [org.wildfly.extension.io] (ServerService Thread Pool -- 56) WFLYIO001: Worker 'default' has auto-configured to 32 IO threads with 256 max task threads based on your 16 available processors
2024-09-10 04:44:10,815 INFO  [org.jboss.as.connector.subsystems.datasources] (ServerService Thread Pool -- 44) WFLYJCA0004: Deploying JDBC-compliant driver class org.h2.Driver (version 2.2)
2024-09-10 04:44:10,840 INFO  [org.wildfly.extension.undertow] (MSC service thread 1-3) WFLYUT0003: Undertow 2.3.13.Final starting
2024-09-10 04:44:10,899 INFO  [org.jboss.as.naming] (MSC service thread 1-1) WFLYNAM0003: Starting Naming Service
2024-09-10 04:44:10,902 INFO  [org.jboss.as.connector.deployers.jdbc] (MSC service thread 1-1) WFLYJCA0018: Started Driver service with driver-name = h2
2024-09-10 04:44:10,918 INFO  [org.jboss.as.mail.extension] (MSC service thread 1-4) WFLYMAIL0001: Bound mail session [java:jboss/mail/Default]
2024-09-10 04:44:10,985 WARN  [org.wildfly.extension.elytron] (MSC service thread 1-5) WFLYELY00023: KeyStore file 'D:\java_WWW\21003481_Letrongthien_Bai5\target\wildfly-32.0.1.Final\standalone\configuration\application.keystore' does not exist. Used blank.
2024-09-10 04:44:10,986 INFO  [org.jboss.remoting] (MSC service thread 1-1) JBoss Remoting version 5.0.28.Final
2024-09-10 04:44:11,031 WARN  [org.wildfly.extension.elytron] (MSC service thread 1-5) WFLYELY01084: KeyStore D:\java_WWW\21003481_Letrongthien_Bai5\target\wildfly-32.0.1.Final\standalone\configuration\application.keystore not found, it will be auto-generated on first use with a self-signed certificate for host localhost
2024-09-10 04:44:11,079 INFO  [org.wildfly.extension.undertow] (ServerService Thread Pool -- 75) WFLYUT0014: Creating file handler for path 'D:\java_WWW\21003481_Letrongthien_Bai5\target\wildfly-32.0.1.Final/welcome-content' with options [directory-listing: 'false', follow-symlink: 'false', case-sensitive: 'true', safe-symlink-paths: '[]']
2024-09-10 04:44:11,182 INFO  [org.jboss.as.ejb3] (MSC service thread 1-3) WFLYEJB0482: Strict pool mdb-strict-max-pool is using a max instance size of 64 (per class), which is derived from the number of CPUs on this host.
2024-09-10 04:44:11,182 INFO  [org.jboss.as.ejb3] (MSC service thread 1-5) WFLYEJB0481: Strict pool slsb-strict-max-pool is using a max instance size of 256 (per class), which is derived from thread worker pool sizing.
2024-09-10 04:44:11,197 INFO  [org.wildfly.extension.undertow] (MSC service thread 1-5) WFLYUT0012: Started server default-server.
2024-09-10 04:44:11,199 INFO  [org.wildfly.extension.undertow] (MSC service thread 1-6) Queuing requests.
2024-09-10 04:44:11,202 INFO  [org.wildfly.extension.undertow] (MSC service thread 1-6) WFLYUT0018: Host default-host starting
2024-09-10 04:44:11,343 INFO  [org.wildfly.extension.undertow] (MSC service thread 1-5) WFLYUT0006: Undertow HTTP listener default listening on 127.0.0.1:8080
2024-09-10 04:44:11,408 INFO  [org.wildfly.extension.undertow] (MSC service thread 1-1) WFLYUT0006: Undertow HTTPS listener https listening on 127.0.0.1:8443
2024-09-10 04:44:11,418 INFO  [org.jboss.as.ejb3] (MSC service thread 1-8) WFLYEJB0493: Jakarta Enterprise Beans subsystem suspension complete
2024-09-10 04:44:11,467 INFO  [org.jboss.as.connector.subsystems.datasources] (MSC service thread 1-4) WFLYJCA0001: Bound data source [java:jboss/datasources/ExampleDS]
2024-09-10 04:44:12,086 INFO  [org.jboss.as.jaxrs] (ServerService Thread Pool -- 57) WFLYRS0016: RESTEasy version 6.2.9.Final
2024-09-10 04:44:14,089 INFO  [org.jboss.as.server.deployment.scanner] (MSC service thread 1-6) WFLYDS0013: Started FileSystemDeploymentService for directory D:\java_WWW\21003481_Letrongthien_Bai5\target\wildfly-32.0.1.Final\standalone\deployments
2024-09-10 04:44:14,770 INFO  [org.jboss.ws.common.management] (MSC service thread 1-3) JBWS022052: Starting JBossWS 7.1.0.Final (Apache CXF 4.0.4) 
2024-09-10 04:44:14,854 INFO  [org.jboss.as.server] (Controller Boot Thread) WFLYSRV0212: Resuming server
2024-09-10 04:44:14,860 INFO  [org.jboss.as] (Controller Boot Thread) WFLYSRV0060: Http management interface listening on http://127.0.0.1:9990/management
2024-09-10 04:44:14,861 INFO  [org.jboss.as] (Controller Boot Thread) WFLYSRV0051: Admin console listening on http://127.0.0.1:9990
2024-09-10 04:44:14,862 INFO  [org.jboss.as] (Controller Boot Thread) WFLYSRV0025: WildFly Full 32.0.1.Final (WildFly Core 24.0.1.Final) started in 16413ms - Started 281 of 523 services (319 services are lazy, passive or on-demand) - Server configuration file in use: standalone.xml
2024-09-10 04:44:15,011 INFO  [org.jboss.as.repository] (management-handler-thread - 1) WFLYDR0001: Content added at location D:\java_WWW\21003481_Letrongthien_Bai5\target\wildfly-32.0.1.Final\standalone\data\content\f1\ab11ac64426eea9ace2f37e9a4f7e7e3ddfcbc\content
2024-09-10 04:44:15,031 INFO  [org.jboss.as.server.deployment] (MSC service thread 1-6) WFLYSRV0027: Starting deployment of "rest-api.war" (runtime-name: "rest-api.war")
2024-09-10 04:44:17,372 INFO  [org.jboss.as.connector.deployers.jdbc] (MSC service thread 1-8) WFLYJCA0004: Deploying JDBC-compliant driver class com.microsoft.sqlserver.jdbc.SQLServerDriver (version 9.2)
2024-09-10 04:44:17,401 INFO  [org.jboss.as.connector.deployers.jdbc] (MSC service thread 1-4) WFLYJCA0018: Started Driver service with driver-name = rest-api.war_com.microsoft.sqlserver.jdbc.SQLServerDriver_9_2
2024-09-10 04:44:17,712 INFO  [org.jboss.resteasy.resteasy_jaxrs.i18n] (ServerService Thread Pool -- 3) RESTEASY002225: Deploying jakarta.ws.rs.core.Application: class fit.iuh.bai5.Application
2024-09-10 04:44:18,097 INFO  [org.hibernate.validator.internal.util.Version] (ServerService Thread Pool -- 3) HV000001: Hibernate Validator 8.0.1.Final
2024-09-10 04:44:18,119 INFO  [org.wildfly.extension.undertow] (ServerService Thread Pool -- 3) WFLYUT0021: Registered web context: '/rest-api' for server 'default-server'
2024-09-10 04:44:18,182 INFO  [org.jboss.as.server] (management-handler-thread - 1) WFLYSRV0010: Deployed "rest-api.war" (runtime-name : "rest-api.war")
